***** SAMPLE LOG ******************************************
RUN PIXELWEB.EXE TO GET YOUR LOG
***********************************************************

INFO:Pixelcade Listender (pixelweb) Version 2.0.2
INFO:PIXEL resolution found in settings.ini: resolution=128x32
INFO:Pixelcade HOME DIRECTORY: /Users/al/pixelcade/
INFO:PIXEL port found in settings.ini: port=/dev/tty.usbmodem14201
INFO:Found PIXEL: ioio.lib.impl.RgbLedMatrixImpl@54c9689b
You may now interact with the PIXEL!
LED matrix type is: 15
PIXEL Status: Connected
INFO:arcade handler received /arcade/stream/mame/bosco
INFO:STREAM MODE
INFO:Console Before Mapping: mame
INFO:Console Mapped: mame
INFO:Game Name Only: bosco
INFO:PNG image found: file:/Users/al/pixelcade/mame/bosco.png
INFO:arcade handler received /arcade/stream/mame/bosco
INFO:STREAM MODE
INFO:Console Before Mapping: mame
INFO:Console Mapped: mame
INFO:Game Name Only: bosco
INFO:PNG image found: file:/Users/al/pixelcade/mame/bosco.png
INFO:arcade handler received /arcade/stream/mame/bosco
INFO:STREAM MODE
INFO:Console Before Mapping: mame
INFO:Console Mapped: mame
INFO:Game Name Only: bosco
INFO:PNG image found: file:/Users/al/pixelcade/mame/bosco.png
INFO:arcade handler received /arcade/stream/mame/bosco
INFO:STREAM MODE
INFO:Console Before Mapping: mame
INFO:Console Mapped: mame
INFO:Game Name Only: bosco
INFO:PNG image found: file:/Users/al/pixelcade/mame/bosco.png
INFO:arcade handler received /arcade/stream/mame/bosco
INFO:STREAM MODE
INFO:Console Before Mapping: mame
INFO:Console Mapped: mame
INFO:Game Name Only: bosco
INFO:PNG image found: file:/Users/al/pixelcade/mame/bosco.png
INFO:arcade handler received /arcade/stream/mame/bosco
INFO:STREAM MODE
INFO:Console Before Mapping: mame
INFO:Console Mapped: mame
INFO:Game Name Only: bosco
INFO:PNG image found: file:/Users/al/pixelcade/mame/bosco.png
INFO:arcade handler received /arcade/stream/mame/bosco
INFO:STREAM MODE
INFO:Console Before Mapping: mame
INFO:Console Mapped: mame
INFO:Game Name Only: bosco
INFO:PNG image found: file:/Users/al/pixelcade/mame/bosco.png
INFO:arcade handler received /arcade/stream/mame/bosco
INFO:STREAM MODE
INFO:Console Before Mapping: mame
INFO:Console Mapped: mame
INFO:Game Name Only: bosco
INFO:PNG image found: file:/Users/al/pixelcade/mame/bosco.png
INFO:arcade handler received /arcade/stream/mame/bosco
INFO:STREAM MODE
INFO:Console Before Mapping: mame
INFO:Console Mapped: mame
INFO:Game Name Only: bosco
INFO:PNG image found: file:/Users/al/pixelcade/mame/bosco.png
INFO:arcade handler received /arcade/stream/mame/bosco
INFO:STREAM MODE
INFO:Console Before Mapping: mame
INFO:Console Mapped: mame
INFO:Game Name Only: bosco
INFO:PNG image found: file:/Users/al/pixelcade/mame/bosco.png
INFO:arcade handler received /arcade/stream/mame/bosco
INFO:STREAM MODE
INFO:Console Before Mapping: mame
INFO:Console Mapped: mame
INFO:Game Name Only: bosco
INFO:PNG image found: file:/Users/al/pixelcade/mame/bosco.png
INFO:arcade handler received /arcade/stream/mame/bosco
INFO:STREAM MODE
INFO:Console Before Mapping: mame
INFO:Console Mapped: mame
INFO:Game Name Only: bosco
INFO:PNG image found: file:/Users/al/pixelcade/mame/bosco.png
INFO:arcade handler received /arcade/stream/mame/bosco
INFO:STREAM MODE
INFO:Console Before Mapping: mame
INFO:Console Mapped: mame
INFO:Game Name Only: bosco
INFO:PNG image found: file:/Users/al/pixelcade/mame/bosco.png
INFO:arcade handler received /arcade/stream/mame/bosco
INFO:STREAM MODE
INFO:Console Before Mapping: mame
INFO:Console Mapped: mame
INFO:Game Name Only: bosco
INFO:PNG image found: file:/Users/al/pixelcade/mame/bosco.png
INFO:arcade handler received /arcade/stream/mame/bosco
INFO:STREAM MODE
INFO:Console Before Mapping: mame
INFO:Console Mapped: mame
INFO:Game Name Only: bosco
INFO:PNG image found: file:/Users/al/pixelcade/mame/bosco.png
INFO:arcade handler received /arcade/stream/mame/bosco
INFO:STREAM MODE
INFO:Console Before Mapping: mame
INFO:Console Mapped: mame
INFO:Game Name Only: bosco
INFO:PNG image found: file:/Users/al/pixelcade/mame/bosco.png
INFO:arcade handler received /arcade/stream/mame/bosco
INFO:STREAM MODE
INFO:Console Before Mapping: mame
INFO:Console Mapped: mame
INFO:Game Name Only: bosco
INFO:PNG image found: file:/Users/al/pixelcade/mame/bosco.png
INFO:arcade handler received /arcade/stream/mame/bosco
INFO:STREAM MODE
INFO:Console Before Mapping: mame
INFO:Console Mapped: mame
INFO:Game Name Only: bosco
INFO:PNG image found: file:/Users/al/pixelcade/mame/bosco.png
INFO:arcade handler received /arcade/stream/mame/bosco
INFO:STREAM MODE
INFO:Console Before Mapping: mame
INFO:Console Mapped: mame
INFO:Game Name Only: bosco
INFO:PNG image found: file:/Users/al/pixelcade/mame/bosco.png
INFO:arcade handler received /arcade/stream/mame/bosco
INFO:STREAM MODE
INFO:Console Before Mapping: mame
INFO:Console Mapped: mame
INFO:Game Name Only: bosco
INFO:PNG image found: file:/Users/al/pixelcade/mame/bosco.png
INFO:arcade handler received /arcade/stream/mame/bosco
INFO:STREAM MODE
INFO:Console Before Mapping: mame
INFO:Console Mapped: mame
INFO:Game Name Only: bosco
INFO:PNG image found: file:/Users/al/pixelcade/mame/bosco.png
INFO:arcade handler received /arcade/stream/mame/zaxxon
INFO:STREAM MODE
INFO:Console Before Mapping: mame
INFO:Console Mapped: mame
INFO:Game Name Only: zaxxon
INFO:PNG image found: file:/Users/al/pixelcade/mame/zaxxon.png
INFO:arcade handler received /arcade/stream/mame/zaxxon
INFO:STREAM MODE
INFO:Console Before Mapping: mame
INFO:Console Mapped: mame
INFO:Game Name Only: zaxxon
INFO:PNG image found: file:/Users/al/pixelcade/mame/zaxxon.png
INFO:arcade handler received /arcade/stream/mame/zaxxon
INFO:STREAM MODE
INFO:Console Before Mapping: mame
INFO:Console Mapped: mame
INFO:Game Name Only: zaxxon
INFO:PNG image found: file:/Users/al/pixelcade/mame/zaxxon.png
